<?xml version="1.0" encoding="UTF-8" ?>
<testsuite tests="23" failures="0" name="AppleSearchAPIAutomation" time="9.606" errors="0" skipped="0">
  <properties>
    <property name="java.runtime.name" value="OpenJDK Runtime Environment"/>
    <property name="sun.boot.library.path" value="/Library/Java/JavaVirtualMachines/temurin-8.jdk/Contents/Home/jre/lib"/>
    <property name="java.vm.version" value="25.332-b09"/>
    <property name="user.country.format" value="IN"/>
    <property name="gopherProxySet" value="false"/>
    <property name="java.vm.vendor" value="Temurin"/>
    <property name="maven.multiModuleProjectDirectory" value="/Users/manjushabobbala/Documents/AppleSearchAPITestsProject"/>
    <property name="java.vendor.url" value="https://adoptium.net/"/>
    <property name="path.separator" value=":"/>
    <property name="guice.disable.misplaced.annotation.check" value="true"/>
    <property name="java.vm.name" value="OpenJDK 64-Bit Server VM"/>
    <property name="file.encoding.pkg" value="sun.io"/>
    <property name="user.country" value="GB"/>
    <property name="sun.java.launcher" value="SUN_STANDARD"/>
    <property name="sun.os.patch.level" value="unknown"/>
    <property name="test" value="AppleSearchAPIAutomation"/>
    <property name="java.vm.specification.name" value="Java Virtual Machine Specification"/>
    <property name="user.dir" value="/Users/manjushabobbala/Documents/AppleSearchAPITestsProject"/>
    <property name="java.runtime.version" value="1.8.0_332-b09"/>
    <property name="java.awt.graphicsenv" value="sun.awt.CGraphicsEnvironment"/>
    <property name="java.endorsed.dirs" value="/Library/Java/JavaVirtualMachines/temurin-8.jdk/Contents/Home/jre/lib/endorsed"/>
    <property name="os.arch" value="x86_64"/>
    <property name="java.io.tmpdir" value="/var/folders/1f/zzlqnzbs0cn5s_jr7yp8p3dm0000gn/T/"/>
    <property name="line.separator" value="
"/>
    <property name="java.vm.specification.vendor" value="Oracle Corporation"/>
    <property name="os.name" value="Mac OS X"/>
    <property name="classworlds.conf" value="/Users/manjushabobbala/Softwares/apache-maven-3.6.3/bin/m2.conf"/>
    <property name="sun.jnu.encoding" value="UTF-8"/>
    <property name="java.library.path" value="/Users/manjushabobbala/Library/Java/Extensions:/Library/Java/Extensions:/Network/Library/Java/Extensions:/System/Library/Java/Extensions:/usr/lib/java:."/>
    <property name="maven.conf" value="/Users/manjushabobbala/Softwares/apache-maven-3.6.3/conf"/>
    <property name="java.specification.name" value="Java Platform API Specification"/>
    <property name="java.class.version" value="52.0"/>
    <property name="sun.management.compiler" value="HotSpot 64-Bit Tiered Compilers"/>
    <property name="os.version" value="10.16"/>
    <property name="http.nonProxyHosts" value="local|*.local|169.254/16|*.169.254/16"/>
    <property name="library.jansi.path" value="/Users/manjushabobbala/Softwares/apache-maven-3.6.3/lib/jansi-native"/>
    <property name="user.home" value="/Users/manjushabobbala"/>
    <property name="user.timezone" value="Asia/Kolkata"/>
    <property name="java.awt.printerjob" value="sun.lwawt.macosx.CPrinterJob"/>
    <property name="java.specification.version" value="1.8"/>
    <property name="file.encoding" value="UTF-8"/>
    <property name="user.name" value="manjushabobbala"/>
    <property name="java.class.path" value="/Users/manjushabobbala/Softwares/apache-maven-3.6.3/boot/plexus-classworlds-2.6.0.jar"/>
    <property name="java.vm.specification.version" value="1.8"/>
    <property name="sun.arch.data.model" value="64"/>
    <property name="java.home" value="/Library/Java/JavaVirtualMachines/temurin-8.jdk/Contents/Home/jre"/>
    <property name="sun.java.command" value="org.codehaus.plexus.classworlds.launcher.Launcher test -Dtest=AppleSearchAPIAutomation"/>
    <property name="java.specification.vendor" value="Oracle Corporation"/>
    <property name="user.language" value="en"/>
    <property name="awt.toolkit" value="sun.lwawt.macosx.LWCToolkit"/>
    <property name="java.vm.info" value="mixed mode"/>
    <property name="java.version" value="1.8.0_332"/>
    <property name="java.ext.dirs" value="/Users/manjushabobbala/Library/Java/Extensions:/Library/Java/JavaVirtualMachines/temurin-8.jdk/Contents/Home/jre/lib/ext:/Library/Java/Extensions:/Network/Library/Java/Extensions:/System/Library/Java/Extensions:/usr/lib/java"/>
    <property name="sun.boot.class.path" value="/Library/Java/JavaVirtualMachines/temurin-8.jdk/Contents/Home/jre/lib/resources.jar:/Library/Java/JavaVirtualMachines/temurin-8.jdk/Contents/Home/jre/lib/rt.jar:/Library/Java/JavaVirtualMachines/temurin-8.jdk/Contents/Home/jre/lib/sunrsasign.jar:/Library/Java/JavaVirtualMachines/temurin-8.jdk/Contents/Home/jre/lib/jsse.jar:/Library/Java/JavaVirtualMachines/temurin-8.jdk/Contents/Home/jre/lib/jce.jar:/Library/Java/JavaVirtualMachines/temurin-8.jdk/Contents/Home/jre/lib/charsets.jar:/Library/Java/JavaVirtualMachines/temurin-8.jdk/Contents/Home/jre/lib/jfr.jar:/Library/Java/JavaVirtualMachines/temurin-8.jdk/Contents/Home/jre/classes"/>
    <property name="java.vendor" value="Temurin"/>
    <property name="maven.home" value="/Users/manjushabobbala/Softwares/apache-maven-3.6.3"/>
    <property name="file.separator" value="/"/>
    <property name="java.vendor.url.bug" value="https://github.com/adoptium/adoptium-support/issues"/>
    <property name="sun.cpu.endian" value="little"/>
    <property name="sun.io.unicode.encoding" value="UnicodeBig"/>
    <property name="socksNonProxyHosts" value="local|*.local|169.254/16|*.169.254/16"/>
    <property name="ftp.nonProxyHosts" value="local|*.local|169.254/16|*.169.254/16"/>
    <property name="sun.cpu.isalist" value=""/>
  </properties>
  <testcase classname="AppleSearchAPIAutomation" name="searchByTermAndMediaType" time="1.938"/>
  <testcase classname="AppleSearchAPIAutomation" name="searchByTermAndMediaType" time="0.246"/>
  <testcase classname="AppleSearchAPIAutomation" name="searchByTermAndMediaType" time="0.538"/>
  <testcase classname="AppleSearchAPIAutomation" name="searchByTermAndMediaType" time="0.279"/>
  <testcase classname="AppleSearchAPIAutomation" name="searchByTermAndMediaType" time="0.515"/>
  <testcase classname="AppleSearchAPIAutomation" name="searchByTermAndMediaType" time="0.474"/>
  <testcase classname="AppleSearchAPIAutomation" name="searchByTermAndMediaType" time="0.571"/>
  <testcase classname="AppleSearchAPIAutomation" name="searchByTermAndMediaType" time="0.458"/>
  <testcase classname="AppleSearchAPIAutomation" name="testPricePointsAndCountryForAPI" time="0.219"/>
  <testcase classname="AppleSearchAPIAutomation" name="testPricePointsAndCountryForAPI" time="0.153"/>
  <testcase classname="AppleSearchAPIAutomation" name="testPricePointsAndCountryForAPI" time="0.148"/>
  <testcase classname="AppleSearchAPIAutomation" name="testPricePointsAndCountryForAPI" time="0.151"/>
  <testcase classname="AppleSearchAPIAutomation" name="testPricePointsAndCountryForAPI" time="0.137"/>
  <testcase classname="AppleSearchAPIAutomation" name="testResponseForInvalidText" time="0.137"/>
  <testcase classname="AppleSearchAPIAutomation" name="testStatusCodesForApI" time="1.146"/>
  <testcase classname="AppleSearchAPIAutomation" name="validateLimit" time="0.302"/>
  <testcase classname="AppleSearchAPIAutomation" name="validateLimit" time="0.299"/>
  <testcase classname="AppleSearchAPIAutomation" name="validateLimit" time="0.299"/>
  <testcase classname="AppleSearchAPIAutomation" name="validateLimit" time="0.424"/>
  <testcase classname="AppleSearchAPIAutomation" name="validateLimit" time="0.297"/>
  <testcase classname="AppleSearchAPIAutomation" name="validateLimit" time="0.295"/>
  <testcase classname="AppleSearchAPIAutomation" name="validateLimit" time="0.28"/>
  <testcase classname="AppleSearchAPIAutomation" name="validateLimit" time="0.3"/>
</testsuite>