<?xml version="1.0" encoding="UTF-8"?>
<!-- Generated by org.testng.reporters.JUnitReportReporter -->
<testsuite skipped="0" hostname="IVNT-C02Y94ACJG5J" name="AppleSearchAPIAutomation" tests="23" failures="0" timestamp="2023-07-16T04:54:52 IST" time="11.061" errors="0">
  <testcase name="searchByTermAndMediaType" time="0.488" classname="AppleSearchAPIAutomation"/>
  <system-out/>
  <testcase name="testPricePointsAndCountryForAPI" time="0.201" classname="AppleSearchAPIAutomation"/>
  <system-out/>
  <testcase name="validateLimit" time="0.286" classname="AppleSearchAPIAutomation"/>
  <system-out/>
  <testcase name="searchByTermAndMediaType" time="1.997" classname="AppleSearchAPIAutomation"/>
  <system-out/>
  <testcase name="testPricePointsAndCountryForAPI" time="0.156" classname="AppleSearchAPIAutomation"/>
  <system-out/>
  <testcase name="validateLimit" time="0.303" classname="AppleSearchAPIAutomation"/>
  <system-out/>
  <testcase name="validateLimit" time="1.429" classname="AppleSearchAPIAutomation"/>
  <system-out/>
  <testcase name="searchByTermAndMediaType" time="0.576" classname="AppleSearchAPIAutomation"/>
  <system-out/>
  <testcase name="searchByTermAndMediaType" time="0.676" classname="AppleSearchAPIAutomation"/>
  <system-out/>
  <testcase name="validateLimit" time="0.290" classname="AppleSearchAPIAutomation"/>
  <system-out/>
  <testcase name="testResponseForInvalidText" time="0.191" classname="AppleSearchAPIAutomation"/>
  <system-out/>
  <testcase name="validateLimit" time="0.307" classname="AppleSearchAPIAutomation"/>
  <system-out/>
  <testcase name="validateLimit" time="0.292" classname="AppleSearchAPIAutomation"/>
  <system-out/>
  <testcase name="validateLimit" time="0.299" classname="AppleSearchAPIAutomation"/>
  <system-out/>
  <testcase name="searchByTermAndMediaType" time="0.248" classname="AppleSearchAPIAutomation"/>
  <system-out/>
  <testcase name="searchByTermAndMediaType" time="0.330" classname="AppleSearchAPIAutomation"/>
  <system-out/>
  <testcase name="testPricePointsAndCountryForAPI" time="0.148" classname="AppleSearchAPIAutomation"/>
  <system-out/>
  <testcase name="searchByTermAndMediaType" time="0.502" classname="AppleSearchAPIAutomation"/>
  <system-out/>
  <testcase name="testPricePointsAndCountryForAPI" time="0.139" classname="AppleSearchAPIAutomation"/>
  <system-out/>
  <testcase name="testPricePointsAndCountryForAPI" time="0.139" classname="AppleSearchAPIAutomation"/>
  <system-out/>
  <testcase name="validateLimit" time="0.315" classname="AppleSearchAPIAutomation"/>
  <system-out/>
  <testcase name="searchByTermAndMediaType" time="0.517" classname="AppleSearchAPIAutomation"/>
  <system-out/>
  <testcase name="testStatusCodesForApI" time="1.232" classname="AppleSearchAPIAutomation"/>
  <system-out/>
</testsuite> <!-- AppleSearchAPIAutomation -->
