<?xml version="1.0" encoding="UTF-8"?>
<!-- Generated by org.testng.reporters.JUnitReportReporter -->
<testsuite skipped="0" hostname="IVNT-C02Y94ACJG5J" name="AppleSearchAPIAutomation" tests="23" failures="0" timestamp="2023-07-16T17:59:36 IST" time="18.389" errors="0">
  <testcase name="searchByTermAndMediaType" time="1.000" classname="AppleSearchAPIAutomation"/>
  <system-out/>
  <testcase name="testResponseForInvalidText" time="1.677" classname="AppleSearchAPIAutomation"/>
  <system-out/>
  <testcase name="validateLimit" time="0.786" classname="AppleSearchAPIAutomation"/>
  <system-out/>
  <testcase name="searchByTermAndMediaType" time="1.996" classname="AppleSearchAPIAutomation"/>
  <system-out/>
  <testcase name="validateLimit" time="0.775" classname="AppleSearchAPIAutomation"/>
  <system-out/>
  <testcase name="validateLimit" time="0.709" classname="AppleSearchAPIAutomation"/>
  <system-out/>
  <testcase name="searchByTermAndMediaType" time="0.587" classname="AppleSearchAPIAutomation"/>
  <system-out/>
  <testcase name="testPricePointsAndCountryForAPI" time="0.326" classname="AppleSearchAPIAutomation"/>
  <system-out/>
  <testcase name="validateLimit" time="0.462" classname="AppleSearchAPIAutomation"/>
  <system-out/>
  <testcase name="validateLimit" time="0.601" classname="AppleSearchAPIAutomation"/>
  <system-out/>
  <testcase name="testPricePointsAndCountryForAPI" time="0.990" classname="AppleSearchAPIAutomation"/>
  <system-out/>
  <testcase name="testStatusCodesForApI" time="1.888" classname="AppleSearchAPIAutomation"/>
  <system-out/>
  <testcase name="testPricePointsAndCountryForAPI" time="0.320" classname="AppleSearchAPIAutomation"/>
  <system-out/>
  <testcase name="searchByTermAndMediaType" time="0.339" classname="AppleSearchAPIAutomation"/>
  <system-out/>
  <testcase name="searchByTermAndMediaType" time="0.771" classname="AppleSearchAPIAutomation"/>
  <system-out/>
  <testcase name="validateLimit" time="0.844" classname="AppleSearchAPIAutomation"/>
  <system-out/>
  <testcase name="searchByTermAndMediaType" time="0.467" classname="AppleSearchAPIAutomation"/>
  <system-out/>
  <testcase name="validateLimit" time="1.158" classname="AppleSearchAPIAutomation"/>
  <system-out/>
  <testcase name="searchByTermAndMediaType" time="0.759" classname="AppleSearchAPIAutomation"/>
  <system-out/>
  <testcase name="validateLimit" time="0.343" classname="AppleSearchAPIAutomation"/>
  <system-out/>
  <testcase name="searchByTermAndMediaType" time="0.744" classname="AppleSearchAPIAutomation"/>
  <system-out/>
  <testcase name="testPricePointsAndCountryForAPI" time="0.498" classname="AppleSearchAPIAutomation"/>
  <system-out/>
  <testcase name="testPricePointsAndCountryForAPI" time="0.349" classname="AppleSearchAPIAutomation"/>
  <system-out/>
</testsuite> <!-- AppleSearchAPIAutomation -->
