<?xml version="1.0" encoding="UTF-8"?>
<!-- Generated by org.testng.reporters.JUnitReportReporter -->
<testsuite skipped="0" hostname="IVNT-C02Y94ACJG5J" name="AppleSearchAPIAutomation" tests="23" failures="0" timestamp="2023-07-16T07:59:39 IST" time="12.621" errors="0">
  <testcase name="searchByTermAndMediaType" time="0.504" classname="AppleSearchAPIAutomation"/>
  <system-out/>
  <testcase name="testResponseForInvalidText" time="0.149" classname="AppleSearchAPIAutomation"/>
  <system-out/>
  <testcase name="validateLimit" time="0.302" classname="AppleSearchAPIAutomation"/>
  <system-out/>
  <testcase name="searchByTermAndMediaType" time="2.189" classname="AppleSearchAPIAutomation"/>
  <system-out/>
  <testcase name="validateLimit" time="0.270" classname="AppleSearchAPIAutomation"/>
  <system-out/>
  <testcase name="validateLimit" time="0.386" classname="AppleSearchAPIAutomation"/>
  <system-out/>
  <testcase name="searchByTermAndMediaType" time="0.547" classname="AppleSearchAPIAutomation"/>
  <system-out/>
  <testcase name="testPricePointsAndCountryForAPI" time="0.145" classname="AppleSearchAPIAutomation"/>
  <system-out/>
  <testcase name="validateLimit" time="0.297" classname="AppleSearchAPIAutomation"/>
  <system-out/>
  <testcase name="validateLimit" time="0.298" classname="AppleSearchAPIAutomation"/>
  <system-out/>
  <testcase name="testPricePointsAndCountryForAPI" time="0.151" classname="AppleSearchAPIAutomation"/>
  <system-out/>
  <testcase name="testStatusCodesForApI" time="3.709" classname="AppleSearchAPIAutomation"/>
  <system-out/>
  <testcase name="testPricePointsAndCountryForAPI" time="0.155" classname="AppleSearchAPIAutomation"/>
  <system-out/>
  <testcase name="searchByTermAndMediaType" time="0.215" classname="AppleSearchAPIAutomation"/>
  <system-out/>
  <testcase name="searchByTermAndMediaType" time="0.496" classname="AppleSearchAPIAutomation"/>
  <system-out/>
  <testcase name="validateLimit" time="0.366" classname="AppleSearchAPIAutomation"/>
  <system-out/>
  <testcase name="searchByTermAndMediaType" time="0.320" classname="AppleSearchAPIAutomation"/>
  <system-out/>
  <testcase name="validateLimit" time="0.283" classname="AppleSearchAPIAutomation"/>
  <system-out/>
  <testcase name="searchByTermAndMediaType" time="0.528" classname="AppleSearchAPIAutomation"/>
  <system-out/>
  <testcase name="validateLimit" time="0.275" classname="AppleSearchAPIAutomation"/>
  <system-out/>
  <testcase name="searchByTermAndMediaType" time="0.692" classname="AppleSearchAPIAutomation"/>
  <system-out/>
  <testcase name="testPricePointsAndCountryForAPI" time="0.209" classname="AppleSearchAPIAutomation"/>
  <system-out/>
  <testcase name="testPricePointsAndCountryForAPI" time="0.135" classname="AppleSearchAPIAutomation"/>
  <system-out/>
</testsuite> <!-- AppleSearchAPIAutomation -->
